<?xml version="1.0" encoding="UTF-8"?>
<!-- Generated by org.testng.reporters.JUnitXMLReporter -->
<testsuite hostname="info-lap257" ignored="0" name="Surefire test" tests="4" failures="0" timestamp="17 Jul 2019 15:16:30 GMT" time="0.072" errors="0">
  <testcase name="addUserInfo" time="0.013" classname="com.myproject.app.MyMavenProj.RestAPITest"/>
  <testcase name="deleteUserInfo" time="0.0" classname="com.myproject.app.MyMavenProj.RestAPITest"/>
  <testcase name="browserAutomation" time="0.001" classname="com.myproject.app.MyMavenProj.SeleniumTest"/>
  <testcase name="testUIElements" time="0.001" classname="com.myproject.app.MyMavenProj.SeleniumTest"/>
</testsuite> <!-- Surefire test -->
